The target system is: Generic - 1 - armv7-a
The host system is: Linux - sh: 0: getcwd() failed: No such file or directory
4.19.128-microsoft-standard - sh: 0: getcwd() failed: No such file or directory
x86_64
Determining if the C compiler works passed with the following output:
Change Dir: /home/ibrahim/GitRepos/Unity-Loader/launchPlugin/build/Debug/CMakeFiles/CMakeTmp

Run Build Command:"/usr/bin/make" "cmTC_78760/fast"
/usr/bin/make -f CMakeFiles/cmTC_78760.dir/build.make CMakeFiles/cmTC_78760.dir/build
make[1]: Entering directory '/home/ibrahim/GitRepos/Unity-Loader/launchPlugin/build/Debug/CMakeFiles/CMakeTmp'
Building C object CMakeFiles/cmTC_78760.dir/testCCompiler.c.obj
/usr/local/vitasdk/bin/arm-vita-eabi-gcc   -Wl,-q    -o CMakeFiles/cmTC_78760.dir/testCCompiler.c.obj   -c /home/ibrahim/GitRepos/Unity-Loader/launchPlugin/build/Debug/CMakeFiles/CMakeTmp/testCCompiler.c
Linking C executable cmTC_78760
/usr/bin/cmake -E cmake_link_script CMakeFiles/cmTC_78760.dir/link.txt --verbose=1
/usr/local/vitasdk/bin/arm-vita-eabi-gcc  -Wl,-q   -Wl,-z,nocopyreloc  CMakeFiles/cmTC_78760.dir/testCCompiler.c.obj  -o cmTC_78760 
make[1]: Leaving directory '/home/ibrahim/GitRepos/Unity-Loader/launchPlugin/build/Debug/CMakeFiles/CMakeTmp'


Detecting C compiler ABI info compiled with the following output:
Change Dir: /home/ibrahim/GitRepos/Unity-Loader/launchPlugin/build/Debug/CMakeFiles/CMakeTmp

Run Build Command:"/usr/bin/make" "cmTC_bf89a/fast"
/usr/bin/make -f CMakeFiles/cmTC_bf89a.dir/build.make CMakeFiles/cmTC_bf89a.dir/build
make[1]: Entering directory '/home/ibrahim/GitRepos/Unity-Loader/launchPlugin/build/Debug/CMakeFiles/CMakeTmp'
Building C object CMakeFiles/cmTC_bf89a.dir/CMakeCCompilerABI.c.obj
/usr/local/vitasdk/bin/arm-vita-eabi-gcc   -Wl,-q    -o CMakeFiles/cmTC_bf89a.dir/CMakeCCompilerABI.c.obj   -c /usr/share/cmake-3.10/Modules/CMakeCCompilerABI.c
Linking C executable cmTC_bf89a
/usr/bin/cmake -E cmake_link_script CMakeFiles/cmTC_bf89a.dir/link.txt --verbose=1
/usr/local/vitasdk/bin/arm-vita-eabi-gcc  -Wl,-q   -Wl,-z,nocopyreloc  CMakeFiles/cmTC_bf89a.dir/CMakeCCompilerABI.c.obj  -o cmTC_bf89a 
make[1]: Leaving directory '/home/ibrahim/GitRepos/Unity-Loader/launchPlugin/build/Debug/CMakeFiles/CMakeTmp'


Determining if the CXX compiler works passed with the following output:
Change Dir: /home/ibrahim/GitRepos/Unity-Loader/launchPlugin/build/Debug/CMakeFiles/CMakeTmp

Run Build Command:"/usr/bin/make" "cmTC_cd263/fast"
/usr/bin/make -f CMakeFiles/cmTC_cd263.dir/build.make CMakeFiles/cmTC_cd263.dir/build
make[1]: Entering directory '/home/ibrahim/GitRepos/Unity-Loader/launchPlugin/build/Debug/CMakeFiles/CMakeTmp'
Building CXX object CMakeFiles/cmTC_cd263.dir/testCXXCompiler.cxx.obj
/usr/local/vitasdk/bin/arm-vita-eabi-g++    -Wl,-q    -o CMakeFiles/cmTC_cd263.dir/testCXXCompiler.cxx.obj -c /home/ibrahim/GitRepos/Unity-Loader/launchPlugin/build/Debug/CMakeFiles/CMakeTmp/testCXXCompiler.cxx
Linking CXX executable cmTC_cd263
/usr/bin/cmake -E cmake_link_script CMakeFiles/cmTC_cd263.dir/link.txt --verbose=1
/usr/local/vitasdk/bin/arm-vita-eabi-g++   -Wl,-q   -Wl,-z,nocopyreloc  CMakeFiles/cmTC_cd263.dir/testCXXCompiler.cxx.obj  -o cmTC_cd263 
make[1]: Leaving directory '/home/ibrahim/GitRepos/Unity-Loader/launchPlugin/build/Debug/CMakeFiles/CMakeTmp'


Detecting CXX compiler ABI info compiled with the following output:
Change Dir: /home/ibrahim/GitRepos/Unity-Loader/launchPlugin/build/Debug/CMakeFiles/CMakeTmp

Run Build Command:"/usr/bin/make" "cmTC_4ebd3/fast"
/usr/bin/make -f CMakeFiles/cmTC_4ebd3.dir/build.make CMakeFiles/cmTC_4ebd3.dir/build
make[1]: Entering directory '/home/ibrahim/GitRepos/Unity-Loader/launchPlugin/build/Debug/CMakeFiles/CMakeTmp'
Building CXX object CMakeFiles/cmTC_4ebd3.dir/CMakeCXXCompilerABI.cpp.obj
/usr/local/vitasdk/bin/arm-vita-eabi-g++    -Wl,-q    -o CMakeFiles/cmTC_4ebd3.dir/CMakeCXXCompilerABI.cpp.obj -c /usr/share/cmake-3.10/Modules/CMakeCXXCompilerABI.cpp
Linking CXX executable cmTC_4ebd3
/usr/bin/cmake -E cmake_link_script CMakeFiles/cmTC_4ebd3.dir/link.txt --verbose=1
/usr/local/vitasdk/bin/arm-vita-eabi-g++   -Wl,-q   -Wl,-z,nocopyreloc  CMakeFiles/cmTC_4ebd3.dir/CMakeCXXCompilerABI.cpp.obj  -o cmTC_4ebd3 
make[1]: Leaving directory '/home/ibrahim/GitRepos/Unity-Loader/launchPlugin/build/Debug/CMakeFiles/CMakeTmp'


